<?xml version="1.0" encoding="UTF-8"?>
<!-- Generated by org.testng.reporters.JUnitReportReporter -->
<testsuite hostname="MSI" failures="0" tests="3" name="TestCases.GroupTest1" time="82.836" errors="0" timestamp="2022-06-14T18:26:29 IST" skipped="0">
  <testcase classname="TestCases.GroupTest1" name="verifyUserFullNameTest" time="23.886"/>
  <system-out/>
  <testcase classname="TestCases.GroupTest1" name="verifyEmailIdTest" time="22.008"/>
  <system-out/>
  <testcase classname="TestCases.GroupTest1" name="placeGTTOrderTest" time="36.942"/>
  <system-out/>
</testsuite> <!-- TestCases.GroupTest1 -->
